{
  "RSpec": {
    "coverage": {
      "/Users/syatsuzuka/code/syatsuzuka/nurture/app/helpers/application_helper.rb": {
        "lines": [
          1,
          null,
          1,
          null,
          1,
          185,
          0,
          null,
          185,
          null,
          null,
          null,
          1,
          4,
          4,
          0,
          null,
          null,
          null,
          null
        ]
      },
      "/Users/syatsuzuka/code/syatsuzuka/nurture/app/helpers/chat_helper.rb": {
        "lines": [
          1,
          1,
          0,
          null,
          null,
          1,
          0,
          null,
          null,
          1,
          0,
          null,
          null,
          1,
          0,
          0,
          null,
          null,
          0,
          null,
          null,
          null,
          1,
          0,
          0,
          null,
          0,
          null,
          null,
          null
        ]
      },
      "/Users/syatsuzuka/code/syatsuzuka/nurture/app/helpers/emoji_helper.rb": {
        "lines": [
          null,
          1,
          1,
          null,
          24,
          24,
          24,
          null,
          0,
          null,
          18,
          null,
          null,
          null
        ]
      },
      "/Users/syatsuzuka/code/syatsuzuka/nurture/app/helpers/meta_tags_helper.rb": {
        "lines": [
          1,
          1,
          280,
          null,
          null,
          1,
          210,
          null,
          null,
          1,
          140,
          null,
          140,
          null,
          null
        ]
      },
      "/Users/syatsuzuka/code/syatsuzuka/nurture/app/controllers/assignments_controller.rb": {
        "lines": [
          1,
          1,
          1,
          null,
          null,
          1,
          1,
          1,
          null,
          1,
          26,
          5,
          46,
          11,
          11,
          null,
          11,
          0,
          0,
          0,
          null,
          0,
          null,
          null,
          null,
          11,
          11,
          null,
          0,
          null,
          null,
          null,
          5,
          11,
          16,
          null,
          0,
          0,
          null,
          null,
          null,
          5,
          16,
          5,
          11,
          11,
          180,
          null,
          11,
          null,
          null,
          null,
          5,
          11,
          5,
          1,
          1,
          null,
          0,
          null,
          null,
          1,
          1,
          null,
          1,
          null,
          null,
          null,
          null,
          1,
          1,
          null,
          null,
          null,
          null,
          null,
          5,
          5,
          5,
          null,
          null,
          1,
          1,
          null,
          null,
          1,
          1,
          1,
          1,
          null,
          null,
          1,
          1,
          1,
          1,
          1,
          1,
          1,
          null,
          0,
          null,
          null,
          null,
          1,
          0,
          0,
          null,
          null,
          1,
          0,
          0,
          null,
          0,
          0,
          null,
          0,
          null,
          null,
          null,
          1,
          0,
          0,
          null,
          0,
          null,
          null,
          1,
          1,
          5,
          null,
          0,
          0,
          null,
          null,
          1,
          null,
          null,
          1,
          0,
          0,
          null,
          null,
          1,
          0,
          0,
          0,
          null,
          0,
          0,
          null,
          null,
          1,
          0,
          0,
          0,
          null,
          0,
          0,
          null,
          null,
          1,
          0,
          0,
          0,
          null,
          0,
          0,
          null,
          null,
          1,
          null,
          null,
          null,
          1,
          0,
          null,
          0,
          null,
          null,
          1,
          0,
          0,
          null,
          0,
          null,
          0,
          0,
          0,
          0,
          0,
          null,
          null,
          null,
          null,
          1,
          null,
          1,
          2,
          null,
          null,
          null,
          null,
          null,
          null,
          null,
          null,
          null,
          null,
          null,
          null,
          null,
          null,
          1,
          7,
          null,
          null,
          1,
          1,
          null,
          null,
          1,
          1,
          null,
          null,
          1,
          8,
          null,
          null
        ]
      },
      "/Users/syatsuzuka/code/syatsuzuka/nurture/app/controllers/application_controller.rb": {
        "lines": [
          1,
          1,
          1,
          1,
          1,
          1,
          1,
          1,
          null,
          1,
          null,
          30,
          null,
          null,
          null,
          null,
          null,
          30,
          null,
          null,
          null,
          null,
          null,
          1,
          1179,
          null,
          null,
          1,
          null,
          1,
          108,
          null,
          null,
          1,
          108,
          null,
          0,
          null,
          null
        ]
      },
      "/Users/syatsuzuka/code/syatsuzuka/nurture/spec/controllers/courses_controller_spec.rb": {
        "lines": [
          1,
          1,
          null,
          1,
          1,
          null,
          null,
          null,
          null,
          null,
          null,
          null,
          null,
          null,
          null,
          null,
          null,
          null,
          null,
          null,
          null,
          null,
          null,
          null,
          null,
          null,
          null,
          null,
          null,
          null,
          null
        ]
      },
      "/Users/syatsuzuka/code/syatsuzuka/nurture/spec/support/new_session_form.rb": {
        "lines": [
          1,
          1,
          null,
          1,
          12,
          12,
          null,
          null,
          1,
          12,
          12,
          12,
          null,
          null,
          1,
          12,
          12,
          null,
          null
        ]
      },
      "/Users/syatsuzuka/code/syatsuzuka/nurture/app/controllers/courses_controller.rb": {
        "lines": [
          1,
          1,
          1,
          1,
          null,
          1,
          27,
          null,
          null,
          1,
          0,
          null,
          null,
          1,
          1,
          null,
          1,
          null,
          null,
          1,
          1,
          1,
          1,
          1,
          null,
          1,
          null,
          1,
          1,
          null,
          null,
          null,
          null,
          null,
          1,
          null,
          0,
          null,
          null,
          null,
          1,
          0,
          null,
          null,
          1,
          1,
          null,
          1,
          1,
          null,
          0,
          null,
          null,
          null,
          1,
          0,
          0,
          null,
          0,
          null,
          null,
          null,
          null,
          null,
          null,
          0,
          null,
          null,
          1,
          1,
          1,
          null,
          null,
          1,
          null,
          1,
          3,
          null,
          null,
          1,
          2,
          null,
          null,
          1,
          10,
          null,
          null
        ]
      },
      "/Users/syatsuzuka/code/syatsuzuka/nurture/spec/controllers/progresses_controller_spec.rb": {
        "lines": [
          1,
          null,
          1,
          1,
          null
        ]
      },
      "/Users/syatsuzuka/code/syatsuzuka/nurture/app/controllers/progresses_controller.rb": {
        "lines": [
          1,
          null,
          1,
          1,
          1,
          1,
          1,
          1,
          null,
          1,
          183,
          2,
          null,
          2,
          39,
          null,
          0,
          null,
          null,
          null,
          2,
          2,
          2,
          null,
          2,
          37,
          37,
          null,
          2,
          2,
          null,
          null,
          1,
          0,
          null,
          null,
          1,
          1,
          1,
          1,
          null,
          null,
          1,
          1,
          1,
          1,
          null,
          1,
          1,
          null,
          0,
          null,
          null,
          null,
          1,
          0,
          0,
          null,
          null,
          1,
          0,
          0,
          null,
          0,
          0,
          null,
          0,
          null,
          null,
          null,
          1,
          0,
          0,
          null,
          0,
          null,
          null,
          1,
          null,
          null,
          null,
          1,
          0,
          null,
          0,
          null,
          null,
          1,
          0,
          0,
          null,
          0,
          null,
          0,
          0,
          0,
          0,
          0,
          null,
          null,
          null,
          null,
          1,
          null,
          1,
          2,
          null,
          null,
          1,
          4,
          null,
          null,
          1,
          4,
          null,
          null,
          1,
          0,
          null,
          null,
          1,
          4,
          null,
          null
        ]
      },
      "/Users/syatsuzuka/code/syatsuzuka/nurture/spec/controllers/targets_controller_spec.rb": {
        "lines": [
          1,
          null,
          1,
          1,
          null
        ]
      },
      "/Users/syatsuzuka/code/syatsuzuka/nurture/app/controllers/targets_controller.rb": {
        "lines": [
          1,
          1,
          1,
          1,
          1,
          1,
          null,
          1,
          0,
          null,
          0,
          0,
          null,
          0,
          null,
          null,
          null,
          1,
          0,
          null,
          null,
          1,
          1,
          1,
          1,
          null,
          1,
          null,
          null,
          1,
          1,
          1,
          null,
          1,
          null,
          1,
          null,
          1,
          1,
          null,
          0,
          null,
          null,
          null,
          1,
          0,
          0,
          null,
          0,
          null,
          null,
          1,
          0,
          0,
          null,
          0,
          null,
          0,
          0,
          null,
          0,
          null,
          null,
          null,
          1,
          0,
          0,
          null,
          0,
          null,
          null,
          1,
          null,
          null,
          null,
          1,
          0,
          null,
          0,
          null,
          null,
          1,
          0,
          0,
          null,
          0,
          null,
          0,
          0,
          0,
          0,
          0,
          null,
          null,
          null,
          null,
          1,
          null,
          1,
          2,
          null,
          null,
          1,
          2,
          null,
          null,
          1,
          0,
          null,
          null,
          1,
          2,
          null,
          null,
          1,
          3,
          1,
          null,
          2,
          null,
          null,
          3,
          6,
          6,
          0,
          0,
          null,
          6,
          null,
          null,
          null
        ]
      },
      "/Users/syatsuzuka/code/syatsuzuka/nurture/spec/controllers/users_controller_spec.rb": {
        "lines": [
          1,
          null,
          1,
          1,
          null
        ]
      },
      "/Users/syatsuzuka/code/syatsuzuka/nurture/app/controllers/users_controller.rb": {
        "lines": [
          1,
          1,
          1,
          1,
          null,
          1,
          2,
          null,
          2,
          1,
          2,
          null,
          null,
          null,
          null,
          1,
          2,
          1,
          1,
          null,
          1,
          1,
          null,
          null,
          null,
          2,
          2,
          0,
          null,
          2,
          null,
          2,
          null,
          null,
          1,
          null,
          1,
          2,
          null,
          null,
          1,
          2,
          null,
          null,
          1,
          4,
          null,
          null
        ]
      },
      "/Users/syatsuzuka/code/syatsuzuka/nurture/spec/features/assignment_spec.rb": {
        "lines": [
          1,
          1,
          1,
          null,
          1,
          1,
          null,
          1,
          1,
          1,
          null,
          null,
          1,
          1,
          1,
          null,
          null,
          1,
          1,
          null,
          null,
          1,
          1,
          1,
          null,
          1,
          null,
          null,
          null,
          null,
          null,
          null,
          1,
          1,
          null,
          null
        ]
      },
      "/Users/syatsuzuka/code/syatsuzuka/nurture/spec/support/new_assignment_form.rb": {
        "lines": [
          1,
          1,
          null,
          1,
          1,
          1,
          1,
          1,
          1,
          1,
          1,
          null,
          null,
          1,
          1,
          1,
          null,
          null
        ]
      },
      "/Users/syatsuzuka/code/syatsuzuka/nurture/spec/features/assignment_template_spec.rb": {
        "lines": [
          1,
          1,
          1,
          null,
          1,
          1,
          null,
          1,
          1,
          1,
          null,
          null,
          1,
          1,
          1,
          null,
          null,
          1,
          1,
          null,
          1,
          null,
          null,
          null,
          null,
          1,
          1,
          null,
          null
        ]
      },
      "/Users/syatsuzuka/code/syatsuzuka/nurture/spec/support/new_assignment_template_form.rb": {
        "lines": [
          1,
          1,
          null,
          1,
          1,
          1,
          1,
          1,
          1,
          null,
          null,
          1,
          1,
          1,
          null,
          null
        ]
      },
      "/Users/syatsuzuka/code/syatsuzuka/nurture/spec/features/assignment_templates_set_spec.rb": {
        "lines": [
          1,
          1,
          1,
          null,
          1,
          1,
          null,
          1,
          1,
          1,
          null,
          null,
          1,
          1,
          null,
          null,
          1,
          null,
          1,
          null,
          null,
          null,
          1,
          1,
          null,
          null
        ]
      },
      "/Users/syatsuzuka/code/syatsuzuka/nurture/spec/support/new_assignment_templates_set_form.rb": {
        "lines": [
          1,
          1,
          null,
          1,
          1,
          1,
          null,
          null,
          1,
          1,
          1,
          null,
          null,
          null,
          null,
          1,
          1,
          null,
          0,
          null,
          1,
          null,
          null,
          1,
          1,
          1,
          null,
          null
        ]
      },
      "/Users/syatsuzuka/code/syatsuzuka/nurture/spec/features/course_spec.rb": {
        "lines": [
          1,
          1,
          1,
          1,
          null,
          1,
          1,
          null,
          1,
          1,
          1,
          1,
          1,
          null,
          null,
          1,
          null,
          1,
          null,
          null,
          null,
          1,
          1,
          null,
          1,
          1,
          1,
          null,
          null,
          1,
          1,
          null,
          null,
          1,
          1,
          1,
          1,
          null,
          null,
          1,
          1,
          1,
          1,
          1,
          1,
          null,
          null
        ]
      },
      "/Users/syatsuzuka/code/syatsuzuka/nurture/spec/support/new_course_form.rb": {
        "lines": [
          1,
          1,
          null,
          1,
          1,
          1,
          null,
          null,
          1,
          1,
          1,
          1,
          1,
          null,
          null,
          1,
          1,
          1,
          null,
          null
        ]
      },
      "/Users/syatsuzuka/code/syatsuzuka/nurture/spec/support/navbar.rb": {
        "lines": [
          1,
          1,
          null,
          1,
          0,
          0,
          null,
          null,
          1,
          1,
          1,
          null,
          null
        ]
      },
      "/Users/syatsuzuka/code/syatsuzuka/nurture/spec/features/knowledge_spec.rb": {
        "lines": [
          1,
          1,
          null,
          1,
          1,
          1,
          1,
          1,
          1,
          1,
          null,
          null
        ]
      },
      "/Users/syatsuzuka/code/syatsuzuka/nurture/spec/features/landing_page_spec.rb": {
        "lines": [
          1,
          null,
          1,
          1,
          1,
          1,
          1,
          null,
          null
        ]
      },
      "/Users/syatsuzuka/code/syatsuzuka/nurture/spec/features/progress_spec.rb": {
        "lines": [
          1,
          1,
          1,
          null,
          1,
          1,
          null,
          1,
          1,
          1,
          null,
          null,
          1,
          1,
          1,
          1,
          null,
          null,
          1,
          1,
          null,
          1,
          null,
          null,
          null,
          1,
          1,
          null,
          null
        ]
      },
      "/Users/syatsuzuka/code/syatsuzuka/nurture/spec/support/new_progress_form.rb": {
        "lines": [
          1,
          1,
          null,
          1,
          1,
          1,
          1,
          1,
          null,
          null,
          1,
          1,
          1,
          null,
          null
        ]
      },
      "/Users/syatsuzuka/code/syatsuzuka/nurture/spec/features/student_spec.rb": {
        "lines": [
          1,
          1,
          null,
          1,
          1,
          1,
          1,
          1,
          1,
          1,
          1,
          1,
          1,
          1,
          1,
          null,
          null
        ]
      },
      "/Users/syatsuzuka/code/syatsuzuka/nurture/spec/features/target_spec.rb": {
        "lines": [
          1,
          1,
          1,
          null,
          1,
          1,
          null,
          1,
          1,
          1,
          null,
          null,
          1,
          1,
          1,
          null,
          null,
          1,
          1,
          null,
          1,
          null,
          null,
          null,
          null,
          null,
          1,
          1,
          null,
          null
        ]
      },
      "/Users/syatsuzuka/code/syatsuzuka/nurture/spec/support/new_target_form.rb": {
        "lines": [
          1,
          1,
          null,
          1,
          1,
          1,
          1,
          1,
          null,
          1,
          1,
          null,
          0,
          null,
          1,
          null,
          null,
          1,
          1,
          1,
          null,
          null
        ]
      },
      "/Users/syatsuzuka/code/syatsuzuka/nurture/spec/features/target_template_spec.rb": {
        "lines": [
          1,
          1,
          1,
          null,
          1,
          1,
          null,
          1,
          1,
          1,
          null,
          null,
          1,
          1,
          1,
          null,
          null,
          1,
          1,
          null,
          1,
          null,
          null,
          null,
          null,
          1,
          1,
          null,
          null
        ]
      },
      "/Users/syatsuzuka/code/syatsuzuka/nurture/spec/support/new_target_template_form.rb": {
        "lines": [
          1,
          1,
          null,
          1,
          0,
          0,
          null,
          null,
          1,
          1,
          1,
          1,
          1,
          1,
          null,
          null,
          1,
          1,
          1,
          null,
          null
        ]
      },
      "/Users/syatsuzuka/code/syatsuzuka/nurture/spec/features/target_templates_set_spec.rb": {
        "lines": [
          1,
          1,
          1,
          null,
          1,
          1,
          null,
          1,
          1,
          1,
          null,
          null,
          1,
          1,
          null,
          null,
          1,
          null,
          1,
          null,
          null,
          null,
          1,
          1,
          null,
          null
        ]
      },
      "/Users/syatsuzuka/code/syatsuzuka/nurture/spec/support/new_target_templates_set_form.rb": {
        "lines": [
          1,
          1,
          null,
          1,
          1,
          1,
          null,
          null,
          1,
          1,
          1,
          null,
          1,
          1,
          null,
          0,
          null,
          1,
          null,
          null,
          1,
          1,
          1,
          null,
          null
        ]
      },
      "/Users/syatsuzuka/code/syatsuzuka/nurture/spec/features/tutor_spec.rb": {
        "lines": [
          1,
          1,
          null,
          1,
          1,
          1,
          1,
          1,
          1,
          1,
          1,
          1,
          1,
          1,
          1,
          null,
          null
        ]
      },
      "/Users/syatsuzuka/code/syatsuzuka/nurture/spec/features/user_spec.rb": {
        "lines": [
          1,
          1,
          1,
          1,
          null,
          1,
          1,
          1,
          null,
          1,
          null,
          null,
          null,
          null,
          null,
          null,
          null,
          1,
          1,
          1,
          null,
          null,
          1,
          1,
          null,
          1,
          null,
          null,
          null,
          null,
          null,
          null,
          null,
          1,
          1,
          1,
          null,
          null
        ]
      },
      "/Users/syatsuzuka/code/syatsuzuka/nurture/spec/support/new_user_form.rb": {
        "lines": [
          1,
          1,
          null,
          1,
          2,
          2,
          null,
          null,
          1,
          2,
          2,
          2,
          2,
          2,
          2,
          2,
          2,
          null,
          null,
          1,
          2,
          2,
          null,
          null
        ]
      },
      "/Users/syatsuzuka/code/syatsuzuka/nurture/db/seeds.rb": {
        "lines": [
          null,
          null,
          null,
          null,
          null,
          null,
          null,
          null,
          1,
          2,
          null,
          null,
          1,
          1,
          1,
          1,
          1,
          1,
          1,
          1,
          1,
          1,
          1,
          1,
          1,
          1,
          1,
          1,
          1,
          1,
          1,
          1,
          1,
          1,
          1,
          1,
          1,
          1,
          null,
          1,
          1,
          null,
          1,
          1,
          null,
          1,
          1,
          null,
          1,
          1,
          1,
          null,
          1,
          1,
          1,
          1,
          null,
          1,
          1,
          null,
          1,
          null,
          1,
          1,
          null,
          1,
          1,
          null,
          1,
          null,
          1,
          1,
          1,
          1,
          null,
          1,
          1,
          null,
          1,
          null,
          1,
          1,
          null,
          null,
          1,
          1,
          1,
          1,
          1,
          1,
          1,
          1,
          1,
          null,
          1,
          1,
          1,
          1,
          1,
          1,
          1,
          1,
          1,
          null,
          null,
          1,
          1,
          1,
          1,
          1,
          1,
          1,
          1,
          1,
          1,
          1,
          1,
          1,
          1,
          1,
          1,
          1,
          1,
          null,
          1,
          1,
          1,
          1,
          1,
          1,
          1,
          1,
          1,
          1,
          1,
          1,
          1,
          1,
          1,
          1,
          1,
          1,
          null,
          1,
          null,
          1,
          1,
          null,
          1,
          null,
          null,
          null,
          null,
          null,
          null,
          1,
          null,
          1,
          1,
          null,
          1,
          null,
          null,
          null,
          null,
          null,
          1,
          null,
          null,
          null,
          null,
          null,
          null,
          1,
          null,
          1,
          1,
          null,
          1,
          null,
          null,
          null,
          null,
          null,
          null,
          1,
          null,
          1,
          1,
          null,
          1,
          null,
          null,
          null,
          null,
          null,
          null,
          null,
          1,
          null,
          1,
          1,
          null,
          1,
          null,
          null,
          null,
          null,
          null,
          1,
          null,
          1,
          1,
          null,
          1,
          null,
          null,
          null,
          null,
          null,
          1
        ]
      },
      "/Users/syatsuzuka/code/syatsuzuka/nurture/app/models/post.rb": {
        "lines": [
          1,
          1,
          null,
          1,
          1,
          null
        ]
      },
      "/Users/syatsuzuka/code/syatsuzuka/nurture/app/models/comment.rb": {
        "lines": [
          1,
          1,
          1,
          null
        ]
      },
      "/Users/syatsuzuka/code/syatsuzuka/nurture/app/models/target_template.rb": {
        "lines": [
          1,
          1,
          1,
          1,
          1,
          1,
          null,
          1,
          0,
          0,
          0,
          0,
          0,
          null,
          null,
          null,
          0,
          0,
          0,
          null,
          null,
          null
        ]
      },
      "/Users/syatsuzuka/code/syatsuzuka/nurture/app/models/target_templates_set.rb": {
        "lines": [
          1,
          1,
          1,
          1,
          1,
          null
        ]
      },
      "/Users/syatsuzuka/code/syatsuzuka/nurture/app/models/assignment_template.rb": {
        "lines": [
          1,
          1,
          1,
          1,
          null,
          1,
          0,
          0,
          0,
          0,
          0,
          0,
          0,
          0,
          null,
          null,
          null
        ]
      },
      "/Users/syatsuzuka/code/syatsuzuka/nurture/app/models/assignment_templates_set.rb": {
        "lines": [
          1,
          1,
          1,
          1,
          1,
          null
        ]
      },
      "/Users/syatsuzuka/code/syatsuzuka/nurture/app/models/progress.rb": {
        "lines": [
          1,
          1,
          1,
          null,
          1,
          0,
          0,
          0,
          0,
          0,
          0,
          0,
          null,
          null,
          null
        ]
      },
      "/Users/syatsuzuka/code/syatsuzuka/nurture/app/models/target.rb": {
        "lines": [
          1,
          1,
          1,
          1,
          1,
          1,
          1,
          null,
          1,
          0,
          0,
          0,
          0,
          0,
          0,
          0,
          0,
          0,
          null,
          null,
          null
        ]
      },
      "/Users/syatsuzuka/code/syatsuzuka/nurture/app/models/message.rb": {
        "lines": [
          1,
          1,
          1,
          1,
          1,
          null
        ]
      },
      "/Users/syatsuzuka/code/syatsuzuka/nurture/app/models/chatroom.rb": {
        "lines": [
          1,
          1,
          null
        ]
      },
      "/Users/syatsuzuka/code/syatsuzuka/nurture/app/models/assignment.rb": {
        "lines": [
          1,
          1,
          1,
          1,
          1,
          1,
          1,
          1,
          null,
          1,
          7,
          1,
          0,
          null,
          null,
          null,
          null,
          1,
          7,
          0,
          0,
          null,
          null,
          null,
          null,
          1,
          0,
          0,
          0,
          0,
          0,
          0,
          0,
          0,
          0,
          0,
          0,
          null,
          null,
          null
        ]
      },
      "/Users/syatsuzuka/code/syatsuzuka/nurture/app/models/course.rb": {
        "lines": [
          1,
          1,
          1,
          1,
          1,
          1,
          1,
          null,
          1,
          1,
          null,
          null,
          null,
          null,
          null
        ]
      },
      "/Users/syatsuzuka/code/syatsuzuka/nurture/app/models/review.rb": {
        "lines": [
          1,
          1,
          1,
          1,
          1,
          null
        ]
      },
      "/Users/syatsuzuka/code/syatsuzuka/nurture/app/mailers/user_mailer.rb": {
        "lines": [
          1,
          null,
          1,
          null,
          1,
          6,
          6,
          6,
          null,
          null,
          1,
          0,
          0,
          0,
          null,
          null,
          1,
          1,
          1,
          1,
          1,
          1,
          null,
          null,
          1,
          0,
          0,
          0,
          0,
          0,
          null,
          null
        ]
      },
      "/Users/syatsuzuka/code/syatsuzuka/nurture/app/mailers/application_mailer.rb": {
        "lines": [
          1,
          null,
          1,
          1,
          null
        ]
      },
      "/Users/syatsuzuka/code/syatsuzuka/nurture/app/controllers/pages_controller.rb": {
        "lines": [
          1,
          1,
          1,
          1,
          1,
          1,
          null,
          1,
          16,
          14,
          null,
          2,
          null,
          null,
          null,
          1,
          null,
          null,
          14,
          0,
          null,
          14,
          null,
          null,
          14,
          39,
          null,
          null,
          53,
          null,
          null,
          14,
          11,
          45,
          null,
          null,
          3,
          13,
          null,
          null,
          null,
          14,
          38,
          null,
          null,
          null,
          14,
          14,
          null,
          14,
          38,
          114,
          38,
          76,
          76,
          900,
          null,
          76,
          null,
          38,
          null,
          null,
          null,
          14,
          52,
          14,
          0,
          0,
          null,
          0,
          null,
          null,
          0,
          0,
          null,
          0,
          null,
          null,
          null,
          null,
          0,
          0,
          null,
          null,
          null,
          null,
          null,
          1,
          6,
          6,
          null,
          null,
          1,
          1,
          1,
          null,
          1,
          null,
          null,
          1,
          null,
          null,
          1,
          null,
          1,
          14,
          null,
          null,
          1,
          6,
          null,
          null,
          1,
          1,
          null,
          null,
          1,
          0,
          null,
          null
        ]
      },
      "/Users/syatsuzuka/code/syatsuzuka/nurture/app/policies/course_policy.rb": {
        "lines": [
          1,
          1,
          1,
          20,
          16,
          null,
          4,
          null,
          null,
          null,
          null,
          1,
          0,
          null,
          null,
          1,
          0,
          null,
          null,
          1,
          2,
          null,
          null,
          1,
          1,
          null,
          null,
          1,
          1,
          null,
          null,
          1,
          0,
          null,
          null,
          1,
          0,
          null,
          null,
          1,
          1,
          null,
          null,
          1,
          0,
          null,
          null
        ]
      },
      "/Users/syatsuzuka/code/syatsuzuka/nurture/app/policies/application_policy.rb": {
        "lines": [
          null,
          null,
          1,
          1,
          null,
          1,
          26,
          26,
          null,
          null,
          1,
          0,
          null,
          null,
          1,
          0,
          null,
          null,
          1,
          0,
          null,
          null,
          1,
          0,
          null,
          null,
          1,
          0,
          null,
          null,
          1,
          0,
          null,
          null,
          1,
          0,
          null,
          null,
          1,
          1,
          67,
          67,
          null,
          null,
          1,
          0,
          null,
          null,
          1,
          null,
          1,
          null,
          null
        ]
      },
      "/Users/syatsuzuka/code/syatsuzuka/nurture/app/policies/assignment_policy.rb": {
        "lines": [
          1,
          1,
          1,
          20,
          null,
          null,
          null,
          1,
          0,
          null,
          null,
          1,
          1,
          null,
          null,
          1,
          2,
          null,
          null,
          1,
          1,
          null,
          null,
          1,
          0,
          null,
          null,
          1,
          0,
          null,
          null,
          1,
          0,
          null,
          null,
          1,
          0,
          null,
          null,
          1,
          0,
          null,
          null,
          1,
          0,
          null,
          null,
          1,
          0,
          null,
          null,
          1,
          0,
          null,
          null,
          1,
          0,
          null,
          null,
          1,
          0,
          null,
          null
        ]
      },
      "/Users/syatsuzuka/code/syatsuzuka/nurture/app/policies/target_policy.rb": {
        "lines": [
          1,
          1,
          null,
          1,
          5,
          null,
          null,
          null,
          1,
          0,
          null,
          null,
          1,
          0,
          null,
          null,
          1,
          2,
          null,
          null,
          1,
          1,
          null,
          null,
          1,
          0,
          null,
          null,
          1,
          0,
          null,
          null,
          1,
          0,
          null,
          null,
          1,
          0,
          null,
          null,
          1,
          0,
          null,
          null,
          1,
          0,
          null,
          null
        ]
      },
      "/Users/syatsuzuka/code/syatsuzuka/nurture/app/policies/chatroom_policy.rb": {
        "lines": [
          1,
          1,
          0,
          null,
          null,
          1,
          5,
          null,
          null
        ]
      },
      "/Users/syatsuzuka/code/syatsuzuka/nurture/app/policies/target_templates_set_policy.rb": {
        "lines": [
          1,
          1,
          null,
          1,
          7,
          null,
          null,
          null,
          1,
          0,
          null,
          null,
          1,
          0,
          null,
          null,
          1,
          2,
          null,
          null,
          1,
          1,
          null,
          null,
          1,
          0,
          null,
          null,
          1,
          0,
          null,
          null,
          1,
          0,
          null,
          null,
          1,
          null,
          null
        ]
      },
      "/Users/syatsuzuka/code/syatsuzuka/nurture/app/policies/assignment_templates_set_policy.rb": {
        "lines": [
          1,
          1,
          null,
          1,
          7,
          null,
          null,
          null,
          1,
          0,
          null,
          null,
          1,
          0,
          null,
          null,
          1,
          2,
          null,
          null,
          1,
          1,
          null,
          null,
          1,
          0,
          null,
          null,
          1,
          0,
          null,
          null,
          1,
          0,
          null,
          null,
          1,
          null,
          null
        ]
      },
      "/Users/syatsuzuka/code/syatsuzuka/nurture/app/controllers/assignment_templates_controller.rb": {
        "lines": [
          1,
          1,
          1,
          1,
          null,
          1,
          2,
          3,
          null,
          null,
          null,
          1,
          1,
          1,
          null,
          null,
          1,
          1,
          1,
          1,
          null,
          1,
          1,
          null,
          0,
          null,
          null,
          null,
          1,
          0,
          0,
          null,
          null,
          1,
          0,
          0,
          null,
          0,
          0,
          null,
          0,
          null,
          null,
          null,
          1,
          0,
          0,
          null,
          0,
          null,
          null,
          1,
          null,
          null,
          null,
          1,
          0,
          null,
          0,
          null,
          null,
          1,
          0,
          0,
          null,
          0,
          null,
          0,
          null,
          0,
          0,
          0,
          0,
          0,
          null,
          null,
          null,
          null,
          1,
          null,
          1,
          2,
          null,
          null,
          null,
          null,
          null,
          null,
          null,
          null,
          1,
          4,
          null,
          null,
          1,
          0,
          null,
          null
        ]
      },
      "/Users/syatsuzuka/code/syatsuzuka/nurture/app/policies/assignment_template_policy.rb": {
        "lines": [
          1,
          1,
          null,
          1,
          2,
          null,
          null,
          null,
          1,
          0,
          null,
          null,
          1,
          0,
          null,
          null,
          1,
          2,
          null,
          null,
          1,
          1,
          null,
          null,
          1,
          0,
          null,
          null,
          1,
          0,
          null,
          null,
          1,
          0,
          null,
          null
        ]
      },
      "/Users/syatsuzuka/code/syatsuzuka/nurture/app/controllers/assignment_templates_sets_controller.rb": {
        "lines": [
          1,
          1,
          1,
          null,
          1,
          1,
          1,
          1,
          null,
          null,
          1,
          1,
          1,
          1,
          null,
          1,
          1,
          null,
          0,
          null,
          null,
          null,
          1,
          0,
          0,
          null,
          null,
          1,
          0,
          0,
          null,
          0,
          0,
          null,
          0,
          null,
          null,
          null,
          1,
          0,
          0,
          null,
          0,
          null,
          null,
          1,
          null,
          1,
          2,
          null,
          null,
          1,
          0,
          null,
          null
        ]
      },
      "/Users/syatsuzuka/code/syatsuzuka/nurture/app/policies/progress_policy.rb": {
        "lines": [
          1,
          1,
          null,
          1,
          2,
          null,
          null,
          null,
          1,
          0,
          null,
          null,
          1,
          0,
          null,
          null,
          1,
          2,
          null,
          null,
          1,
          1,
          null,
          null,
          1,
          0,
          null,
          null,
          1,
          0,
          null,
          null,
          1,
          0,
          null,
          null,
          1,
          0,
          null,
          null
        ]
      },
      "/Users/syatsuzuka/code/syatsuzuka/nurture/app/policies/user_policy.rb": {
        "lines": [
          1,
          1,
          null,
          1,
          2,
          1,
          null,
          1,
          null,
          null,
          null,
          null,
          1,
          0,
          null,
          null,
          1,
          2,
          null,
          null,
          1,
          0,
          null,
          null,
          1,
          0,
          null,
          null,
          1,
          0,
          null,
          null,
          1,
          0,
          null,
          null,
          1,
          0,
          null,
          null
        ]
      },
      "/Users/syatsuzuka/code/syatsuzuka/nurture/app/controllers/target_templates_controller.rb": {
        "lines": [
          1,
          1,
          1,
          1,
          1,
          null,
          1,
          2,
          5,
          null,
          null,
          2,
          5,
          5,
          null,
          5,
          0,
          0,
          0,
          null,
          0,
          null,
          null,
          null,
          5,
          5,
          null,
          0,
          null,
          null,
          null,
          null,
          1,
          1,
          1,
          null,
          null,
          1,
          1,
          1,
          1,
          null,
          1,
          1,
          null,
          0,
          null,
          null,
          null,
          1,
          0,
          0,
          null,
          null,
          1,
          0,
          0,
          null,
          0,
          0,
          null,
          0,
          null,
          null,
          null,
          1,
          0,
          0,
          null,
          0,
          null,
          null,
          1,
          null,
          null,
          null,
          1,
          0,
          null,
          0,
          null,
          null,
          1,
          0,
          0,
          null,
          0,
          null,
          0,
          null,
          0,
          0,
          0,
          0,
          0,
          null,
          null,
          null,
          null,
          1,
          null,
          1,
          2,
          null,
          null,
          1,
          4,
          null,
          null,
          1,
          0,
          null,
          null,
          1,
          1,
          1,
          null,
          0,
          null,
          null,
          null,
          null,
          1,
          2,
          2,
          0,
          0,
          null,
          2,
          null,
          null,
          null
        ]
      },
      "/Users/syatsuzuka/code/syatsuzuka/nurture/app/policies/target_template_policy.rb": {
        "lines": [
          1,
          1,
          null,
          1,
          2,
          null,
          null,
          null,
          1,
          0,
          null,
          null,
          1,
          0,
          null,
          null,
          1,
          2,
          null,
          null,
          1,
          1,
          null,
          null,
          1,
          0,
          null,
          null,
          1,
          0,
          null,
          null,
          1,
          0,
          null,
          null
        ]
      },
      "/Users/syatsuzuka/code/syatsuzuka/nurture/app/controllers/target_templates_sets_controller.rb": {
        "lines": [
          1,
          1,
          1,
          null,
          1,
          1,
          1,
          1,
          null,
          null,
          1,
          1,
          1,
          1,
          null,
          1,
          1,
          null,
          0,
          null,
          null,
          null,
          1,
          0,
          0,
          null,
          null,
          1,
          0,
          0,
          null,
          0,
          0,
          null,
          0,
          null,
          null,
          null,
          1,
          0,
          0,
          null,
          0,
          null,
          null,
          1,
          null,
          1,
          2,
          null,
          null,
          1,
          0,
          null,
          null
        ]
      }
    },
    "timestamp": 1656046441
  }
}
